2020-06-19 14:28:54,829 - PyBaMM setup - INFO - Starting PyBaMM setup
2020-06-19 14:28:55,558 - PyBaMM setup - INFO - Not running on windows
2020-06-19 14:28:56,035 - PyBaMM setup - INFO - Found CMake.
2020-06-19 14:28:56,036 - PyBaMM setup - INFO - Could not find PyBind11 directory (/home/aishine/GEM/PyBaMM/pybind11). Skipping compilation of KLU module.
2020-06-19 14:29:13,833 - PyBaMM setup - INFO - Starting PyBaMM setup
2020-06-19 14:29:14,441 - PyBaMM setup - INFO - Not running on windows
2020-06-19 14:29:14,830 - PyBaMM setup - INFO - Found CMake.
2020-06-19 14:29:14,831 - PyBaMM setup - INFO - Could not find PyBind11 directory (/home/aishine/GEM/PyBaMM/pybind11). Skipping compilation of KLU module.
2020-06-29 15:17:43,837 - PyBaMM setup - INFO - Starting PyBaMM setup
2020-06-29 15:17:44,056 - PyBaMM setup - INFO - Not running on windows
2020-06-29 15:17:44,364 - PyBaMM setup - INFO - Found CMake.
2020-06-29 15:17:44,365 - PyBaMM setup - INFO - Could not find PyBind11 directory (/home/aishine/GEM/PyBaMM/pybind11). Skipping compilation of KLU module.
2020-06-29 15:17:46,770 - PyBaMM setup - INFO - Starting PyBaMM setup
2020-06-29 15:17:47,054 - PyBaMM setup - INFO - Not running on windows
2020-06-29 15:17:47,217 - PyBaMM setup - INFO - Found CMake.
2020-06-29 15:17:47,218 - PyBaMM setup - INFO - Could not find PyBind11 directory (/home/aishine/GEM/PyBaMM/pybind11). Skipping compilation of KLU module.
2020-06-29 20:07:51,688 - PyBaMM setup - INFO - Starting PyBaMM setup
2020-06-29 20:07:52,091 - PyBaMM setup - INFO - Not running on windows
2020-06-29 20:07:52,533 - PyBaMM setup - INFO - Found CMake.
2020-06-29 20:07:52,534 - PyBaMM setup - INFO - Could not find PyBind11 directory (/home/aishine/GEM/PyBaMM/pybind11). Skipping compilation of KLU module.
2020-06-29 20:15:52,105 - PyBaMM setup - INFO - Starting PyBaMM setup
2020-06-29 20:15:52,529 - PyBaMM setup - INFO - Not running on windows
2020-06-29 20:15:52,957 - PyBaMM setup - INFO - Found CMake.
2020-06-29 20:15:52,958 - PyBaMM setup - INFO - Could not find PyBind11 directory (/home/aishine/GEM/PyBaMM/pybind11). Skipping compilation of KLU module.
2020-06-29 21:33:13,754 - PyBaMM setup - INFO - Starting PyBaMM setup
2020-06-29 21:33:14,141 - PyBaMM setup - INFO - Not running on windows
2020-06-29 21:33:14,688 - PyBaMM setup - INFO - Found CMake.
2020-06-29 21:33:14,688 - PyBaMM setup - INFO - Could not find PyBind11 directory (/home/aishine/GEM/PyBaMM/pybind11). Skipping compilation of KLU module.
2020-06-29 21:33:17,648 - PyBaMM setup - INFO - Starting PyBaMM setup
2020-06-29 21:33:18,040 - PyBaMM setup - INFO - Not running on windows
2020-06-29 21:33:18,215 - PyBaMM setup - INFO - Found CMake.
2020-06-29 21:33:18,216 - PyBaMM setup - INFO - Could not find PyBind11 directory (/home/aishine/GEM/PyBaMM/pybind11). Skipping compilation of KLU module.
2020-06-29 23:25:11,715 - PyBaMM setup - INFO - Starting PyBaMM setup
2020-06-29 23:25:12,456 - PyBaMM setup - INFO - Not running on windows
2020-06-29 23:25:13,103 - PyBaMM setup - INFO - Found CMake.
2020-06-29 23:25:13,104 - PyBaMM setup - INFO - Could not find PyBind11 directory (/home/aishine/GEM/PyBaMM/pybind11). Skipping compilation of KLU module.
2020-06-29 23:32:29,135 - PyBaMM setup - INFO - Starting PyBaMM setup
2020-06-29 23:32:29,677 - PyBaMM setup - INFO - Not running on windows
2020-06-29 23:32:30,246 - PyBaMM setup - INFO - Found CMake.
2020-06-29 23:32:30,247 - PyBaMM setup - INFO - Could not find PyBind11 directory (/home/aishine/GEM/PyBaMM/pybind11). Skipping compilation of KLU module.
2020-07-02 21:03:08,547 - PyBaMM setup - INFO - Starting PyBaMM setup
2020-07-02 21:03:08,883 - PyBaMM setup - INFO - Not running on windows
2020-07-02 21:03:09,184 - PyBaMM setup - INFO - Found CMake.
2020-07-02 21:03:09,185 - PyBaMM setup - INFO - Could not find PyBind11 directory (/home/aishine/GEM/PyBaMM/pybind11). Skipping compilation of KLU module.
2020-07-02 21:08:53,069 - PyBaMM setup - INFO - Starting PyBaMM setup
2020-07-02 21:08:53,415 - PyBaMM setup - INFO - Not running on windows
2020-07-02 21:08:53,751 - PyBaMM setup - INFO - Found CMake.
2020-07-02 21:08:53,752 - PyBaMM setup - INFO - Could not find PyBind11 directory (/home/aishine/GEM/PyBaMM/pybind11). Skipping compilation of KLU module.
2020-07-23 13:56:23,786 - PyBaMM setup - INFO - Starting PyBaMM setup
2020-07-23 13:56:24,324 - PyBaMM setup - INFO - Not running on windows
2020-07-23 13:56:24,685 - PyBaMM setup - INFO - Found CMake.
2020-07-23 13:56:24,685 - PyBaMM setup - INFO - Could not find PyBind11 directory (/home/aishine/GEM/PyBaMM/pybind11). Skipping compilation of KLU module.
2020-07-23 13:57:29,657 - PyBaMM setup - INFO - Starting PyBaMM setup
2020-07-23 13:57:30,203 - PyBaMM setup - INFO - Not running on windows
2020-07-23 13:57:30,434 - PyBaMM setup - INFO - Found CMake.
2020-07-23 13:57:30,435 - PyBaMM setup - INFO - Could not find PyBind11 directory (/home/aishine/GEM/PyBaMM/pybind11). Skipping compilation of KLU module.
2020-09-25 11:46:20,476 - PyBaMM setup - INFO - Starting PyBaMM setup
2020-09-25 11:46:20,512 - PyBaMM setup - INFO - Not running on windows
2020-09-25 11:46:20,550 - PyBaMM setup - INFO - Found CMake.
2020-09-25 11:46:20,550 - PyBaMM setup - INFO - Found pybind11 directory (/Users/diego/PycharmProjects/PyBaMM-GEM/PyBaMM-GEM/pybind11)
2020-09-25 11:46:21,380 - PyBaMM setup - INFO - Starting PyBaMM setup
2020-09-25 11:46:21,399 - PyBaMM setup - INFO - Not running on windows
2020-09-25 11:46:21,406 - PyBaMM setup - INFO - Found CMake.
2020-09-25 11:46:21,406 - PyBaMM setup - INFO - Found pybind11 directory (/Users/diego/PycharmProjects/PyBaMM-GEM/PyBaMM-GEM/pybind11)
2020-09-25 11:46:22,167 - PyBaMM setup - INFO - Starting PyBaMM setup
2020-09-25 11:46:22,186 - PyBaMM setup - INFO - Not running on windows
2020-09-25 11:46:22,192 - PyBaMM setup - INFO - Found CMake.
2020-09-25 11:46:22,193 - PyBaMM setup - INFO - Found pybind11 directory (/Users/diego/PycharmProjects/PyBaMM-GEM/PyBaMM-GEM/pybind11)
2020-09-28 06:42:47,862 - PyBaMM setup - INFO - Starting PyBaMM setup
2020-09-28 06:42:47,890 - PyBaMM setup - INFO - Not running on windows
2020-09-28 06:42:47,938 - PyBaMM setup - INFO - Found CMake.
2020-09-28 06:42:47,939 - PyBaMM setup - INFO - Found pybind11 directory (/Users/diego/PycharmProjects/PyBaMM-GEM/PyBaMM-GEM/pybind11)
2020-09-28 06:42:48,806 - PyBaMM setup - INFO - Starting PyBaMM setup
2020-09-28 06:42:48,826 - PyBaMM setup - INFO - Not running on windows
2020-09-28 06:42:48,832 - PyBaMM setup - INFO - Found CMake.
2020-09-28 06:42:48,832 - PyBaMM setup - INFO - Found pybind11 directory (/Users/diego/PycharmProjects/PyBaMM-GEM/PyBaMM-GEM/pybind11)
2020-09-28 06:42:49,647 - PyBaMM setup - INFO - Starting PyBaMM setup
2020-09-28 06:42:49,667 - PyBaMM setup - INFO - Not running on windows
2020-09-28 06:42:49,673 - PyBaMM setup - INFO - Found CMake.
2020-09-28 06:42:49,673 - PyBaMM setup - INFO - Found pybind11 directory (/Users/diego/PycharmProjects/PyBaMM-GEM/PyBaMM-GEM/pybind11)
2020-09-28 06:53:09,894 - PyBaMM setup - INFO - Starting PyBaMM setup
2020-09-28 06:53:09,930 - PyBaMM setup - INFO - Not running on windows
2020-09-28 06:53:09,966 - PyBaMM setup - INFO - Found CMake.
2020-09-28 06:53:09,966 - PyBaMM setup - INFO - Found pybind11 directory (/Users/diego/PycharmProjects/PyBaMM-GEM/PyBaMM-GEM/pybind11)
2020-09-28 06:53:10,752 - PyBaMM setup - INFO - Starting PyBaMM setup
2020-09-28 06:53:10,772 - PyBaMM setup - INFO - Not running on windows
2020-09-28 06:53:10,778 - PyBaMM setup - INFO - Found CMake.
2020-09-28 06:53:10,778 - PyBaMM setup - INFO - Found pybind11 directory (/Users/diego/PycharmProjects/PyBaMM-GEM/PyBaMM-GEM/pybind11)
2020-09-28 06:53:11,267 - PyBaMM setup - INFO - Starting PyBaMM setup
2020-09-28 06:53:11,288 - PyBaMM setup - INFO - Not running on windows
2020-09-28 06:53:11,294 - PyBaMM setup - INFO - Found CMake.
2020-09-28 06:53:11,295 - PyBaMM setup - INFO - Found pybind11 directory (/Users/diego/PycharmProjects/PyBaMM-GEM/PyBaMM-GEM/pybind11)
2020-09-28 07:26:50,744 - PyBaMM setup - INFO - Starting PyBaMM setup
2020-09-28 07:26:50,777 - PyBaMM setup - INFO - Not running on windows
2020-09-28 07:26:50,832 - PyBaMM setup - INFO - Found CMake.
2020-09-28 07:26:50,833 - PyBaMM setup - INFO - Found pybind11 directory (/Users/diego/PycharmProjects/PyBaMM-GEM/PyBaMM-GEM/pybind11)
2020-09-28 07:26:51,640 - PyBaMM setup - INFO - Starting PyBaMM setup
2020-09-28 07:26:51,660 - PyBaMM setup - INFO - Not running on windows
2020-09-28 07:26:51,666 - PyBaMM setup - INFO - Found CMake.
2020-09-28 07:26:51,666 - PyBaMM setup - INFO - Found pybind11 directory (/Users/diego/PycharmProjects/PyBaMM-GEM/PyBaMM-GEM/pybind11)
2020-09-28 07:26:52,400 - PyBaMM setup - INFO - Starting PyBaMM setup
2020-09-28 07:26:52,420 - PyBaMM setup - INFO - Not running on windows
2020-09-28 07:26:52,427 - PyBaMM setup - INFO - Found CMake.
2020-09-28 07:26:52,428 - PyBaMM setup - INFO - Found pybind11 directory (/Users/diego/PycharmProjects/PyBaMM-GEM/PyBaMM-GEM/pybind11)
2020-09-28 07:28:50,845 - PyBaMM setup - INFO - Starting PyBaMM setup
2020-09-28 07:28:50,866 - PyBaMM setup - INFO - Not running on windows
2020-09-28 07:28:50,875 - PyBaMM setup - INFO - Found CMake.
2020-09-28 07:28:50,876 - PyBaMM setup - INFO - Found pybind11 directory (/Users/diego/PycharmProjects/PyBaMM-GEM/PyBaMM-GEM/pybind11)
2020-09-28 07:28:51,541 - PyBaMM setup - INFO - Starting PyBaMM setup
2020-09-28 07:28:51,567 - PyBaMM setup - INFO - Not running on windows
2020-09-28 07:28:51,576 - PyBaMM setup - INFO - Found CMake.
2020-09-28 07:28:51,576 - PyBaMM setup - INFO - Found pybind11 directory (/Users/diego/PycharmProjects/PyBaMM-GEM/PyBaMM-GEM/pybind11)
2020-09-28 07:28:52,107 - PyBaMM setup - INFO - Starting PyBaMM setup
2020-09-28 07:28:52,133 - PyBaMM setup - INFO - Not running on windows
2020-09-28 07:28:52,141 - PyBaMM setup - INFO - Found CMake.
2020-09-28 07:28:52,141 - PyBaMM setup - INFO - Found pybind11 directory (/Users/diego/PycharmProjects/PyBaMM-GEM/PyBaMM-GEM/pybind11)
2020-09-28 09:27:04,745 - PyBaMM setup - INFO - Starting PyBaMM setup
2020-09-28 09:27:04,772 - PyBaMM setup - INFO - Not running on windows
2020-09-28 09:27:04,803 - PyBaMM setup - INFO - Found CMake.
2020-09-28 09:27:04,804 - PyBaMM setup - INFO - Found pybind11 directory (/Users/diego/PycharmProjects/PyBaMM-GEM/PyBaMM-GEM/pybind11)
2020-09-28 09:27:05,638 - PyBaMM setup - INFO - Starting PyBaMM setup
2020-09-28 09:27:05,658 - PyBaMM setup - INFO - Not running on windows
2020-09-28 09:27:05,664 - PyBaMM setup - INFO - Found CMake.
2020-09-28 09:27:05,664 - PyBaMM setup - INFO - Found pybind11 directory (/Users/diego/PycharmProjects/PyBaMM-GEM/PyBaMM-GEM/pybind11)
2020-09-28 09:27:06,405 - PyBaMM setup - INFO - Starting PyBaMM setup
2020-09-28 09:27:06,426 - PyBaMM setup - INFO - Not running on windows
2020-09-28 09:27:06,432 - PyBaMM setup - INFO - Found CMake.
2020-09-28 09:27:06,432 - PyBaMM setup - INFO - Found pybind11 directory (/Users/diego/PycharmProjects/PyBaMM-GEM/PyBaMM-GEM/pybind11)
2020-09-28 09:31:00,277 - PyBaMM setup - INFO - Starting PyBaMM setup
2020-09-28 09:31:00,304 - PyBaMM setup - INFO - Not running on windows
2020-09-28 09:31:00,345 - PyBaMM setup - INFO - Found CMake.
2020-09-28 09:31:00,346 - PyBaMM setup - INFO - Found pybind11 directory (/Users/diego/PycharmProjects/PyBaMM-GEM/PyBaMM-GEM/pybind11)
2020-09-28 09:31:01,184 - PyBaMM setup - INFO - Starting PyBaMM setup
2020-09-28 09:31:01,208 - PyBaMM setup - INFO - Not running on windows
2020-09-28 09:31:01,215 - PyBaMM setup - INFO - Found CMake.
2020-09-28 09:31:01,215 - PyBaMM setup - INFO - Found pybind11 directory (/Users/diego/PycharmProjects/PyBaMM-GEM/PyBaMM-GEM/pybind11)
2020-09-28 09:31:01,791 - PyBaMM setup - INFO - Starting PyBaMM setup
2020-09-28 09:31:01,815 - PyBaMM setup - INFO - Not running on windows
2020-09-28 09:31:01,823 - PyBaMM setup - INFO - Found CMake.
2020-09-28 09:31:01,823 - PyBaMM setup - INFO - Found pybind11 directory (/Users/diego/PycharmProjects/PyBaMM-GEM/PyBaMM-GEM/pybind11)
2020-09-28 09:49:50,330 - PyBaMM setup - INFO - Starting PyBaMM setup
2020-09-28 09:49:50,360 - PyBaMM setup - INFO - Not running on windows
2020-09-28 09:49:50,387 - PyBaMM setup - INFO - Found CMake.
2020-09-28 09:49:50,388 - PyBaMM setup - INFO - Found pybind11 directory (/Users/diego/PycharmProjects/PyBaMM-GEM/PyBaMM-GEM/pybind11)
2020-09-28 09:49:51,293 - PyBaMM setup - INFO - Starting PyBaMM setup
2020-09-28 09:49:51,322 - PyBaMM setup - INFO - Not running on windows
2020-09-28 09:49:51,331 - PyBaMM setup - INFO - Found CMake.
2020-09-28 09:49:51,332 - PyBaMM setup - INFO - Found pybind11 directory (/Users/diego/PycharmProjects/PyBaMM-GEM/PyBaMM-GEM/pybind11)
2020-09-28 09:49:52,010 - PyBaMM setup - INFO - Starting PyBaMM setup
2020-09-28 09:49:52,040 - PyBaMM setup - INFO - Not running on windows
2020-09-28 09:49:52,050 - PyBaMM setup - INFO - Found CMake.
2020-09-28 09:49:52,051 - PyBaMM setup - INFO - Found pybind11 directory (/Users/diego/PycharmProjects/PyBaMM-GEM/PyBaMM-GEM/pybind11)
2020-09-28 09:54:04,785 - PyBaMM setup - INFO - Starting PyBaMM setup
2020-09-28 09:54:04,812 - PyBaMM setup - INFO - Not running on windows
2020-09-28 09:54:04,843 - PyBaMM setup - INFO - Found CMake.
2020-09-28 09:54:04,844 - PyBaMM setup - INFO - Found pybind11 directory (/Users/diego/PycharmProjects/PyBaMM-GEM/PyBaMM-GEM/pybind11)
2020-09-28 09:54:05,660 - PyBaMM setup - INFO - Starting PyBaMM setup
2020-09-28 09:54:05,685 - PyBaMM setup - INFO - Not running on windows
2020-09-28 09:54:05,693 - PyBaMM setup - INFO - Found CMake.
2020-09-28 09:54:05,693 - PyBaMM setup - INFO - Found pybind11 directory (/Users/diego/PycharmProjects/PyBaMM-GEM/PyBaMM-GEM/pybind11)
2020-09-28 09:54:06,277 - PyBaMM setup - INFO - Starting PyBaMM setup
2020-09-28 09:54:06,302 - PyBaMM setup - INFO - Not running on windows
2020-09-28 09:54:06,310 - PyBaMM setup - INFO - Found CMake.
2020-09-28 09:54:06,310 - PyBaMM setup - INFO - Found pybind11 directory (/Users/diego/PycharmProjects/PyBaMM-GEM/PyBaMM-GEM/pybind11)
2020-09-28 09:56:18,606 - PyBaMM setup - INFO - Starting PyBaMM setup
2020-09-28 09:56:18,638 - PyBaMM setup - INFO - Not running on windows
2020-09-28 09:56:18,648 - PyBaMM setup - INFO - Found CMake.
2020-09-28 09:56:18,648 - PyBaMM setup - INFO - Found pybind11 directory (/Users/diego/PycharmProjects/PyBaMM-GEM/PyBaMM-GEM/pybind11)
2020-09-28 09:56:19,391 - PyBaMM setup - INFO - Starting PyBaMM setup
2020-09-28 09:56:19,415 - PyBaMM setup - INFO - Not running on windows
2020-09-28 09:56:19,423 - PyBaMM setup - INFO - Found CMake.
2020-09-28 09:56:19,424 - PyBaMM setup - INFO - Found pybind11 directory (/Users/diego/PycharmProjects/PyBaMM-GEM/PyBaMM-GEM/pybind11)
2020-09-28 09:56:20,145 - PyBaMM setup - INFO - Starting PyBaMM setup
2020-09-28 09:56:20,171 - PyBaMM setup - INFO - Not running on windows
2020-09-28 09:56:20,180 - PyBaMM setup - INFO - Found CMake.
2020-09-28 09:56:20,180 - PyBaMM setup - INFO - Found pybind11 directory (/Users/diego/PycharmProjects/PyBaMM-GEM/PyBaMM-GEM/pybind11)
2020-09-28 09:57:21,604 - PyBaMM setup - INFO - Starting PyBaMM setup
2020-09-28 09:57:21,632 - PyBaMM setup - INFO - Not running on windows
2020-09-28 09:57:21,643 - PyBaMM setup - INFO - Found CMake.
2020-09-28 09:57:21,644 - PyBaMM setup - INFO - Found pybind11 directory (/Users/diego/PycharmProjects/PyBaMM-GEM/PyBaMM-GEM/pybind11)
2020-09-28 09:57:58,509 - PyBaMM setup - INFO - Starting PyBaMM setup
2020-09-28 09:57:58,535 - PyBaMM setup - INFO - Not running on windows
2020-09-28 09:57:58,544 - PyBaMM setup - INFO - Found CMake.
2020-09-28 09:57:58,544 - PyBaMM setup - INFO - Found pybind11 directory (/Users/diego/PycharmProjects/PyBaMM-GEM/PyBaMM-GEM/pybind11)
2020-09-28 13:01:31,022 - PyBaMM setup - INFO - Starting PyBaMM setup
2020-09-28 13:01:31,056 - PyBaMM setup - INFO - Not running on windows
2020-09-28 13:01:31,091 - PyBaMM setup - INFO - Found CMake.
2020-09-28 13:01:31,092 - PyBaMM setup - INFO - Found pybind11 directory (/Users/diego/PycharmProjects/PyBaMM-GEM/PyBaMM-GEM/pybind11)
2020-09-28 13:01:31,939 - PyBaMM setup - INFO - Starting PyBaMM setup
2020-09-28 13:01:31,958 - PyBaMM setup - INFO - Not running on windows
2020-09-28 13:01:31,964 - PyBaMM setup - INFO - Found CMake.
2020-09-28 13:01:31,965 - PyBaMM setup - INFO - Found pybind11 directory (/Users/diego/PycharmProjects/PyBaMM-GEM/PyBaMM-GEM/pybind11)
2020-09-28 13:01:32,705 - PyBaMM setup - INFO - Starting PyBaMM setup
2020-09-28 13:01:32,725 - PyBaMM setup - INFO - Not running on windows
2020-09-28 13:01:32,731 - PyBaMM setup - INFO - Found CMake.
2020-09-28 13:01:32,731 - PyBaMM setup - INFO - Found pybind11 directory (/Users/diego/PycharmProjects/PyBaMM-GEM/PyBaMM-GEM/pybind11)
2020-09-28 14:48:13,948 - PyBaMM setup - INFO - Starting PyBaMM setup
2020-09-28 14:48:13,974 - PyBaMM setup - INFO - Not running on windows
2020-09-28 14:48:14,006 - PyBaMM setup - INFO - Found CMake.
2020-09-28 14:48:14,007 - PyBaMM setup - INFO - Found pybind11 directory (/Users/diego/PycharmProjects/PyBaMM-GEM/PyBaMM-GEM/pybind11)
2020-09-28 14:48:47,337 - PyBaMM setup - INFO - Starting PyBaMM setup
2020-09-28 14:48:47,364 - PyBaMM setup - INFO - Not running on windows
2020-09-28 14:48:47,379 - PyBaMM setup - INFO - Found CMake.
2020-09-28 14:48:47,379 - PyBaMM setup - INFO - Found pybind11 directory (/Users/diego/PycharmProjects/PyBaMM-GEM/PyBaMM-GEM/pybind11)
2020-09-28 15:10:09,289 - PyBaMM setup - INFO - Starting PyBaMM setup
2020-09-28 15:10:09,337 - PyBaMM setup - INFO - Not running on windows
2020-09-28 15:10:09,368 - PyBaMM setup - INFO - Found CMake.
2020-09-28 15:10:09,369 - PyBaMM setup - INFO - Found pybind11 directory (/Users/diego/PycharmProjects/PyBaMM-GEM/PyBaMM-GEM/pybind11)
2020-09-28 15:10:10,130 - PyBaMM setup - INFO - Starting PyBaMM setup
2020-09-28 15:10:10,150 - PyBaMM setup - INFO - Not running on windows
2020-09-28 15:10:10,157 - PyBaMM setup - INFO - Found CMake.
2020-09-28 15:10:10,157 - PyBaMM setup - INFO - Found pybind11 directory (/Users/diego/PycharmProjects/PyBaMM-GEM/PyBaMM-GEM/pybind11)
2020-09-28 15:10:10,832 - PyBaMM setup - INFO - Starting PyBaMM setup
2020-09-28 15:10:10,857 - PyBaMM setup - INFO - Not running on windows
2020-09-28 15:10:10,865 - PyBaMM setup - INFO - Found CMake.
2020-09-28 15:10:10,865 - PyBaMM setup - INFO - Found pybind11 directory (/Users/diego/PycharmProjects/PyBaMM-GEM/PyBaMM-GEM/pybind11)
2020-10-27 13:38:30,841 - PyBaMM setup - INFO - Starting PyBaMM setup
2020-10-27 13:38:30,866 - PyBaMM setup - INFO - Not running on windows
2020-10-27 13:38:30,910 - PyBaMM setup - INFO - Found CMake.
2020-10-27 13:38:30,911 - PyBaMM setup - INFO - Could not find PyBind11 directory (/Users/dalonsoa/Documents/Projects/PyBaMM/PyBaMM-GEM/pybind11). Skipping compilation of KLU module.
2020-10-27 13:39:06,330 - PyBaMM setup - INFO - Starting PyBaMM setup
2020-10-27 13:39:06,409 - PyBaMM setup - INFO - Not running on windows
2020-10-27 13:39:06,499 - PyBaMM setup - INFO - Found CMake.
2020-10-27 13:39:06,500 - PyBaMM setup - INFO - Could not find PyBind11 directory (/Users/dalonsoa/Documents/Projects/PyBaMM/PyBaMM-GEM/pybind11). Skipping compilation of KLU module.
2020-10-27 14:53:59,538 - PyBaMM setup - INFO - Starting PyBaMM setup
2020-10-27 14:53:59,565 - PyBaMM setup - INFO - Not running on windows
2020-10-27 14:53:59,612 - PyBaMM setup - INFO - Found CMake.
2020-10-27 14:53:59,613 - PyBaMM setup - INFO - Could not find PyBind11 directory (/Users/dalonsoa/Documents/Projects/PyBaMM/PyBaMM-GEM/pybind11). Skipping compilation of KLU module.
2020-10-27 14:54:00,559 - PyBaMM setup - INFO - Starting PyBaMM setup
2020-10-27 14:54:00,584 - PyBaMM setup - INFO - Not running on windows
2020-10-27 14:54:00,593 - PyBaMM setup - INFO - Found CMake.
2020-10-27 14:54:00,593 - PyBaMM setup - INFO - Could not find PyBind11 directory (/Users/dalonsoa/Documents/Projects/PyBaMM/PyBaMM-GEM/pybind11). Skipping compilation of KLU module.
2020-10-27 14:54:01,663 - PyBaMM setup - INFO - Starting PyBaMM setup
2020-10-27 14:54:01,691 - PyBaMM setup - INFO - Not running on windows
2020-10-27 14:54:01,700 - PyBaMM setup - INFO - Found CMake.
2020-10-27 14:54:01,700 - PyBaMM setup - INFO - Could not find PyBind11 directory (/Users/dalonsoa/Documents/Projects/PyBaMM/PyBaMM-GEM/pybind11). Skipping compilation of KLU module.
2020-10-27 15:19:45,460 - PyBaMM setup - INFO - Starting PyBaMM setup
2020-10-27 15:19:45,497 - PyBaMM setup - INFO - Not running on windows
2020-10-27 15:19:45,544 - PyBaMM setup - INFO - Found CMake.
2020-10-27 15:19:45,544 - PyBaMM setup - INFO - Could not find PyBind11 directory (/Users/dalonsoa/Documents/Projects/PyBaMM/PyBaMM-GEM/pybind11). Skipping compilation of KLU module.
2020-10-27 15:19:46,395 - PyBaMM setup - INFO - Starting PyBaMM setup
2020-10-27 15:19:46,424 - PyBaMM setup - INFO - Not running on windows
2020-10-27 15:19:46,432 - PyBaMM setup - INFO - Found CMake.
2020-10-27 15:19:46,432 - PyBaMM setup - INFO - Could not find PyBind11 directory (/Users/dalonsoa/Documents/Projects/PyBaMM/PyBaMM-GEM/pybind11). Skipping compilation of KLU module.
2020-10-27 15:19:47,197 - PyBaMM setup - INFO - Starting PyBaMM setup
2020-10-27 15:19:47,225 - PyBaMM setup - INFO - Not running on windows
2020-10-27 15:19:47,237 - PyBaMM setup - INFO - Found CMake.
2020-10-27 15:19:47,237 - PyBaMM setup - INFO - Could not find PyBind11 directory (/Users/dalonsoa/Documents/Projects/PyBaMM/PyBaMM-GEM/pybind11). Skipping compilation of KLU module.
2020-10-27 15:58:46,041 - PyBaMM setup - INFO - Starting PyBaMM setup
2020-10-27 15:58:46,071 - PyBaMM setup - INFO - Not running on windows
2020-10-27 15:58:46,112 - PyBaMM setup - INFO - Found CMake.
2020-10-27 15:58:46,113 - PyBaMM setup - INFO - Could not find PyBind11 directory (/Users/dalonsoa/Documents/Projects/PyBaMM/PyBaMM-GEM/pybind11). Skipping compilation of KLU module.
2020-10-27 15:58:47,010 - PyBaMM setup - INFO - Starting PyBaMM setup
2020-10-27 15:58:47,039 - PyBaMM setup - INFO - Not running on windows
2020-10-27 15:58:47,048 - PyBaMM setup - INFO - Found CMake.
2020-10-27 15:58:47,048 - PyBaMM setup - INFO - Could not find PyBind11 directory (/Users/dalonsoa/Documents/Projects/PyBaMM/PyBaMM-GEM/pybind11). Skipping compilation of KLU module.
2020-10-27 15:58:48,058 - PyBaMM setup - INFO - Starting PyBaMM setup
2020-10-27 15:58:48,085 - PyBaMM setup - INFO - Not running on windows
2020-10-27 15:58:48,093 - PyBaMM setup - INFO - Found CMake.
2020-10-27 15:58:48,094 - PyBaMM setup - INFO - Could not find PyBind11 directory (/Users/dalonsoa/Documents/Projects/PyBaMM/PyBaMM-GEM/pybind11). Skipping compilation of KLU module.
2020-10-27 16:09:06,380 - PyBaMM setup - INFO - Starting PyBaMM setup
2020-10-27 16:09:06,408 - PyBaMM setup - INFO - Not running on windows
2020-10-27 16:09:06,450 - PyBaMM setup - INFO - Found CMake.
2020-10-27 16:09:06,450 - PyBaMM setup - INFO - Could not find PyBind11 directory (/Users/dalonsoa/Documents/Projects/PyBaMM/PyBaMM-GEM/pybind11). Skipping compilation of KLU module.
2020-10-27 16:09:07,275 - PyBaMM setup - INFO - Starting PyBaMM setup
2020-10-27 16:09:07,301 - PyBaMM setup - INFO - Not running on windows
2020-10-27 16:09:07,309 - PyBaMM setup - INFO - Found CMake.
2020-10-27 16:09:07,309 - PyBaMM setup - INFO - Could not find PyBind11 directory (/Users/dalonsoa/Documents/Projects/PyBaMM/PyBaMM-GEM/pybind11). Skipping compilation of KLU module.
2020-10-27 16:09:08,038 - PyBaMM setup - INFO - Starting PyBaMM setup
2020-10-27 16:09:08,067 - PyBaMM setup - INFO - Not running on windows
2020-10-27 16:09:08,076 - PyBaMM setup - INFO - Found CMake.
2020-10-27 16:09:08,076 - PyBaMM setup - INFO - Could not find PyBind11 directory (/Users/dalonsoa/Documents/Projects/PyBaMM/PyBaMM-GEM/pybind11). Skipping compilation of KLU module.
2020-10-28 10:11:55,493 - PyBaMM setup - INFO - Starting PyBaMM setup
2020-10-28 10:11:55,562 - PyBaMM setup - INFO - Not running on windows
2020-10-28 10:11:55,640 - PyBaMM setup - INFO - Found CMake.
2020-10-28 10:11:55,640 - PyBaMM setup - INFO - Could not find PyBind11 directory (/Users/dalonsoa/Documents/Projects/PyBaMM/PyBaMM-GEM/pybind11). Skipping compilation of KLU module.
2020-10-28 10:11:56,799 - PyBaMM setup - INFO - Starting PyBaMM setup
2020-10-28 10:11:56,846 - PyBaMM setup - INFO - Not running on windows
2020-10-28 10:11:56,857 - PyBaMM setup - INFO - Found CMake.
2020-10-28 10:11:56,857 - PyBaMM setup - INFO - Could not find PyBind11 directory (/Users/dalonsoa/Documents/Projects/PyBaMM/PyBaMM-GEM/pybind11). Skipping compilation of KLU module.
2020-10-28 10:11:57,887 - PyBaMM setup - INFO - Starting PyBaMM setup
2020-10-28 10:11:57,920 - PyBaMM setup - INFO - Not running on windows
2020-10-28 10:11:57,928 - PyBaMM setup - INFO - Found CMake.
2020-10-28 10:11:57,928 - PyBaMM setup - INFO - Could not find PyBind11 directory (/Users/dalonsoa/Documents/Projects/PyBaMM/PyBaMM-GEM/pybind11). Skipping compilation of KLU module.
2020-10-28 10:22:09,714 - PyBaMM setup - INFO - Starting PyBaMM setup
2020-10-28 10:22:09,744 - PyBaMM setup - INFO - Not running on windows
2020-10-28 10:22:09,783 - PyBaMM setup - INFO - Found CMake.
2020-10-28 10:22:09,783 - PyBaMM setup - INFO - Could not find PyBind11 directory (/Users/dalonsoa/Documents/Projects/PyBaMM/PyBaMM-GEM/pybind11). Skipping compilation of KLU module.
2020-10-28 10:22:10,597 - PyBaMM setup - INFO - Starting PyBaMM setup
2020-10-28 10:22:10,625 - PyBaMM setup - INFO - Not running on windows
2020-10-28 10:22:10,633 - PyBaMM setup - INFO - Found CMake.
2020-10-28 10:22:10,634 - PyBaMM setup - INFO - Could not find PyBind11 directory (/Users/dalonsoa/Documents/Projects/PyBaMM/PyBaMM-GEM/pybind11). Skipping compilation of KLU module.
2020-10-28 10:22:11,219 - PyBaMM setup - INFO - Starting PyBaMM setup
2020-10-28 10:22:11,247 - PyBaMM setup - INFO - Not running on windows
2020-10-28 10:22:11,255 - PyBaMM setup - INFO - Found CMake.
2020-10-28 10:22:11,256 - PyBaMM setup - INFO - Could not find PyBind11 directory (/Users/dalonsoa/Documents/Projects/PyBaMM/PyBaMM-GEM/pybind11). Skipping compilation of KLU module.
2020-10-28 10:22:20,193 - PyBaMM setup - INFO - Starting PyBaMM setup
2020-10-28 10:22:20,220 - PyBaMM setup - INFO - Not running on windows
2020-10-28 10:22:20,231 - PyBaMM setup - INFO - Found CMake.
2020-10-28 10:22:20,232 - PyBaMM setup - INFO - Could not find PyBind11 directory (/Users/dalonsoa/Documents/Projects/PyBaMM/PyBaMM-GEM/pybind11). Skipping compilation of KLU module.
2020-10-28 10:22:20,920 - PyBaMM setup - INFO - Starting PyBaMM setup
2020-10-28 10:22:20,945 - PyBaMM setup - INFO - Not running on windows
2020-10-28 10:22:20,953 - PyBaMM setup - INFO - Found CMake.
2020-10-28 10:22:20,953 - PyBaMM setup - INFO - Could not find PyBind11 directory (/Users/dalonsoa/Documents/Projects/PyBaMM/PyBaMM-GEM/pybind11). Skipping compilation of KLU module.
2020-10-28 10:22:21,499 - PyBaMM setup - INFO - Starting PyBaMM setup
2020-10-28 10:22:21,528 - PyBaMM setup - INFO - Not running on windows
2020-10-28 10:22:21,536 - PyBaMM setup - INFO - Found CMake.
2020-10-28 10:22:21,537 - PyBaMM setup - INFO - Could not find PyBind11 directory (/Users/dalonsoa/Documents/Projects/PyBaMM/PyBaMM-GEM/pybind11). Skipping compilation of KLU module.
2020-10-28 11:05:35,470 - PyBaMM setup - INFO - Starting PyBaMM setup
2020-10-28 11:05:35,508 - PyBaMM setup - INFO - Not running on windows
2020-10-28 11:05:35,552 - PyBaMM setup - INFO - Found CMake.
2020-10-28 11:05:35,553 - PyBaMM setup - INFO - Could not find PyBind11 directory (/Users/dalonsoa/Documents/Projects/PyBaMM/PyBaMM-GEM/pybind11). Skipping compilation of KLU module.
2020-10-28 11:05:36,409 - PyBaMM setup - INFO - Starting PyBaMM setup
2020-10-28 11:05:36,435 - PyBaMM setup - INFO - Not running on windows
2020-10-28 11:05:36,443 - PyBaMM setup - INFO - Found CMake.
2020-10-28 11:05:36,444 - PyBaMM setup - INFO - Could not find PyBind11 directory (/Users/dalonsoa/Documents/Projects/PyBaMM/PyBaMM-GEM/pybind11). Skipping compilation of KLU module.
2020-10-28 11:05:37,764 - PyBaMM setup - INFO - Starting PyBaMM setup
2020-10-28 11:05:37,800 - PyBaMM setup - INFO - Not running on windows
2020-10-28 11:05:37,808 - PyBaMM setup - INFO - Found CMake.
2020-10-28 11:05:37,808 - PyBaMM setup - INFO - Could not find PyBind11 directory (/Users/dalonsoa/Documents/Projects/PyBaMM/PyBaMM-GEM/pybind11). Skipping compilation of KLU module.
2020-10-28 11:16:37,326 - PyBaMM setup - INFO - Starting PyBaMM setup
2020-10-28 11:16:37,361 - PyBaMM setup - INFO - Not running on windows
2020-10-28 11:16:37,402 - PyBaMM setup - INFO - Found CMake.
2020-10-28 11:16:37,402 - PyBaMM setup - INFO - Could not find PyBind11 directory (/Users/dalonsoa/Documents/Projects/PyBaMM/PyBaMM-GEM/pybind11). Skipping compilation of KLU module.
2020-10-28 11:16:38,344 - PyBaMM setup - INFO - Starting PyBaMM setup
2020-10-28 11:16:38,383 - PyBaMM setup - INFO - Not running on windows
2020-10-28 11:16:38,393 - PyBaMM setup - INFO - Found CMake.
2020-10-28 11:16:38,394 - PyBaMM setup - INFO - Could not find PyBind11 directory (/Users/dalonsoa/Documents/Projects/PyBaMM/PyBaMM-GEM/pybind11). Skipping compilation of KLU module.
2020-10-28 11:16:39,014 - PyBaMM setup - INFO - Starting PyBaMM setup
2020-10-28 11:16:39,041 - PyBaMM setup - INFO - Not running on windows
2020-10-28 11:16:39,054 - PyBaMM setup - INFO - Found CMake.
2020-10-28 11:16:39,054 - PyBaMM setup - INFO - Could not find PyBind11 directory (/Users/dalonsoa/Documents/Projects/PyBaMM/PyBaMM-GEM/pybind11). Skipping compilation of KLU module.
